<?xml version="1.0" encoding="UTF-8"?>
<testng-results ignored="0" total="1" passed="1" failed="0" skipped="0">
  <reporter-output>
  </reporter-output>
  <suite started-at="2021-09-13T15:21:32 IST" name="Default suite" finished-at="2021-09-13T15:21:40 IST" duration-ms="8145">
    <groups>
    </groups>
    <test started-at="2021-09-13T15:21:32 IST" name="Default test" finished-at="2021-09-13T15:21:40 IST" duration-ms="8145">
      <class name="com.registerTests.Register_Button_13">
        <test-method is-config="true" signature="beforeMethod()[pri:0, instance:com.registerTests.Register_Button_13@3c7f66c4]" started-at="2021-09-13T15:21:32 IST" name="beforeMethod" finished-at="2021-09-13T15:21:34 IST" duration-ms="2597" status="PASS">
          <reporter-output>
          </reporter-output>
        </test-method> <!-- beforeMethod -->
        <test-method signature="Vrfy_ProfilePic()[pri:0, instance:com.registerTests.Register_Button_13@3c7f66c4]" started-at="2021-09-13T15:21:34 IST" name="Vrfy_ProfilePic" finished-at="2021-09-13T15:21:40 IST" duration-ms="5319" status="PASS">
          <reporter-output>
          </reporter-output>
        </test-method> <!-- Vrfy_ProfilePic -->
        <test-method is-config="true" signature="afterMethod()[pri:0, instance:com.registerTests.Register_Button_13@3c7f66c4]" started-at="2021-09-13T15:21:40 IST" name="afterMethod" finished-at="2021-09-13T15:21:40 IST" duration-ms="201" status="PASS">
          <reporter-output>
          </reporter-output>
        </test-method> <!-- afterMethod -->
      </class> <!-- com.registerTests.Register_Button_13 -->
    </test> <!-- Default test -->
  </suite> <!-- Default suite -->
</testng-results>
