<?xml version="1.0" encoding="UTF-8"?>
<testng-results skipped="0" failed="0" ignored="0" total="1" passed="1">
  <reporter-output>
  </reporter-output>
  <suite name="Default suite" duration-ms="11777" started-at="2021-09-05T16:41:11 IST" finished-at="2021-09-05T16:41:23 IST">
    <groups>
    </groups>
    <test name="Default test" duration-ms="11777" started-at="2021-09-05T16:41:11 IST" finished-at="2021-09-05T16:41:23 IST">
      <class name="com.loginTests.Pass_Validate_01">
        <test-method status="PASS" signature="beforeMethod()[pri:0, instance:com.loginTests.Pass_Validate_01@75881071]" name="beforeMethod" is-config="true" duration-ms="5157" started-at="2021-09-05T16:41:11 IST" finished-at="2021-09-05T16:41:16 IST">
          <reporter-output>
          </reporter-output>
        </test-method> <!-- beforeMethod -->
        <test-method status="PASS" signature="Vrfy_Uname()[pri:0, instance:com.loginTests.Pass_Validate_01@75881071]" name="Vrfy_Uname" duration-ms="5423" started-at="2021-09-05T16:41:16 IST" finished-at="2021-09-05T16:41:21 IST">
          <reporter-output>
          </reporter-output>
        </test-method> <!-- Vrfy_Uname -->
        <test-method status="PASS" signature="afterMethod()[pri:0, instance:com.loginTests.Pass_Validate_01@75881071]" name="afterMethod" is-config="true" duration-ms="1162" started-at="2021-09-05T16:41:21 IST" finished-at="2021-09-05T16:41:23 IST">
          <reporter-output>
          </reporter-output>
        </test-method> <!-- afterMethod -->
      </class> <!-- com.loginTests.Pass_Validate_01 -->
    </test> <!-- Default test -->
  </suite> <!-- Default suite -->
</testng-results>
